0 info it worked if it ends with ok
1 verbose cli [ '/usr/local/bin/node', '/usr/local/bin/npm', 'run', 'lint' ]
2 info using npm@3.8.6
3 info using node@v5.2.0
4 verbose run-script [ 'prelint', 'lint', 'postlint' ]
5 info lifecycle @leadgrabr/webpack-static-boilerplate@0.0.1~prelint: @leadgrabr/webpack-static-boilerplate@0.0.1
6 silly lifecycle @leadgrabr/webpack-static-boilerplate@0.0.1~prelint: no script for prelint, continuing
7 info lifecycle @leadgrabr/webpack-static-boilerplate@0.0.1~lint: @leadgrabr/webpack-static-boilerplate@0.0.1
8 verbose lifecycle @leadgrabr/webpack-static-boilerplate@0.0.1~lint: unsafe-perm in lifecycle true
9 verbose lifecycle @leadgrabr/webpack-static-boilerplate@0.0.1~lint: PATH: /usr/local/lib/node_modules/npm/bin/node-gyp-bin:/Users/bentwo/Source/LeadGrabr/annarborlawngarden.com/node_modules/.bin:/usr/local/bin:/Users/bentwo/Source/LeadGrabr/annarborlawngarden.com/node_modules/.bin:/Applications/Xcode.app/Contents/Developer/usr/libexec/git-core:/usr/local/bin:/usr/bin:/bin:/usr/sbin:/sbin
10 verbose lifecycle @leadgrabr/webpack-static-boilerplate@0.0.1~lint: CWD: /Users/bentwo/Source/LeadGrabr/annarborlawngarden.com
11 silly lifecycle @leadgrabr/webpack-static-boilerplate@0.0.1~lint: Args: [ '-c', 'eslint -c .eslintrc src' ]
12 silly lifecycle @leadgrabr/webpack-static-boilerplate@0.0.1~lint: Returned: code: 1  signal: null
13 info lifecycle @leadgrabr/webpack-static-boilerplate@0.0.1~lint: Failed to exec lint script
14 verbose stack Error: @leadgrabr/webpack-static-boilerplate@0.0.1 lint: `eslint -c .eslintrc src`
14 verbose stack Exit status 1
14 verbose stack     at EventEmitter.<anonymous> (/usr/local/lib/node_modules/npm/lib/utils/lifecycle.js:239:16)
14 verbose stack     at emitTwo (events.js:88:13)
14 verbose stack     at EventEmitter.emit (events.js:173:7)
14 verbose stack     at ChildProcess.<anonymous> (/usr/local/lib/node_modules/npm/lib/utils/spawn.js:24:14)
14 verbose stack     at emitTwo (events.js:88:13)
14 verbose stack     at ChildProcess.emit (events.js:173:7)
14 verbose stack     at maybeClose (internal/child_process.js:819:16)
14 verbose stack     at Process.ChildProcess._handle.onexit (internal/child_process.js:212:5)
15 verbose pkgid @leadgrabr/webpack-static-boilerplate@0.0.1
16 verbose cwd /Users/bentwo/Source/LeadGrabr/annarborlawngarden.com
17 error Darwin 15.4.0
18 error argv "/usr/local/bin/node" "/usr/local/bin/npm" "run" "lint"
19 error node v5.2.0
20 error npm  v3.8.6
21 error code ELIFECYCLE
22 error @leadgrabr/webpack-static-boilerplate@0.0.1 lint: `eslint -c .eslintrc src`
22 error Exit status 1
23 error Failed at the @leadgrabr/webpack-static-boilerplate@0.0.1 lint script 'eslint -c .eslintrc src'.
23 error Make sure you have the latest version of node.js and npm installed.
23 error If you do, this is most likely a problem with the @leadgrabr/webpack-static-boilerplate package,
23 error not with npm itself.
23 error Tell the author that this fails on your system:
23 error     eslint -c .eslintrc src
23 error You can get information on how to open an issue for this project with:
23 error     npm bugs @leadgrabr/webpack-static-boilerplate
23 error Or if that isn't available, you can get their info via:
23 error     npm owner ls @leadgrabr/webpack-static-boilerplate
23 error There is likely additional logging output above.
24 verbose exit [ 1, true ]
